build/app/intermediates/manifest_merge_blame_file/debug/manifest-merger-blame-debug-report.txt
1<?xml version="1.0" encoding="utf-8"?>
2<manifest xmlns:android="http://schemas.android.com/apk/res/android"
3    package="com.mealmate.app"
4    android:versionCode="1"
5    android:versionName="1.0.0" >
6
7    <uses-sdk
8        android:minSdkVersion="21"
9        android:targetSdkVersion="33" />
10    <!--
11         Flutter needs it to communicate with the running application
12         to allow setting breakpoints, to provide hot reload, etc.
13    -->
14    <uses-permission android:name="android.permission.INTERNET" />
14-->src\main\AndroidManifest.xml:4:5-67
14-->src\main\AndroidManifest.xml:4:22-64
15
16    <queries>
16-->src\main\AndroidManifest.xml:52:5-67:15
17
18        <!-- If your app checks for SMS support -->
19        <intent>
19-->src\main\AndroidManifest.xml:54:9-57:18
20            <action android:name="android.intent.action.VIEW" />
20-->src\main\AndroidManifest.xml:55:13-65
20-->src\main\AndroidManifest.xml:55:21-62
21
22            <data android:scheme="sms" />
22-->src\main\AndroidManifest.xml:56:13-42
22-->src\main\AndroidManifest.xml:56:19-39
23        </intent>
24        <!-- If your app checks for call support -->
25        <intent>
25-->src\main\AndroidManifest.xml:59:9-62:18
26            <action android:name="android.intent.action.VIEW" />
26-->src\main\AndroidManifest.xml:55:13-65
26-->src\main\AndroidManifest.xml:55:21-62
27
28            <data android:scheme="tel" />
28-->src\main\AndroidManifest.xml:56:13-42
28-->src\main\AndroidManifest.xml:56:19-39
29        </intent>
30        <!-- If your application checks for inAppBrowserView launch mode support -->
31        <intent>
31-->src\main\AndroidManifest.xml:64:9-66:18
32            <action android:name="android.support.customtabs.action.CustomTabsService" />
32-->src\main\AndroidManifest.xml:65:13-90
32-->src\main\AndroidManifest.xml:65:21-87
33        </intent>
34    </queries>
35
36    <permission
36-->[androidx.core:core:1.10.1] AndroidManifest.xml:22:5-24:47
37        android:name="com.mealmate.app.DYNAMIC_RECEIVER_NOT_EXPORTED_PERMISSION"
37-->[androidx.core:core:1.10.1] AndroidManifest.xml:23:9-81
38        android:protectionLevel="signature" />
38-->[androidx.core:core:1.10.1] AndroidManifest.xml:24:9-44
39
40    <uses-permission android:name="com.mealmate.app.DYNAMIC_RECEIVER_NOT_EXPORTED_PERMISSION" />
40-->[androidx.core:core:1.10.1] AndroidManifest.xml:26:5-97
40-->[androidx.core:core:1.10.1] AndroidManifest.xml:26:22-94
41    <!--
42 io.flutter.app.FlutterApplication is an android.app.Application that
43           calls FlutterMain.startInitialization(this); in its onCreate method.
44           In most cases you can leave this as-is, but you if you want to provide
45           additional functionality it is fine to subclass or reimplement
46           FlutterApplication and put your custom class here.
47    -->
48    <application
48-->src\main\AndroidManifest.xml:10:5-51:19
49        android:appComponentFactory="androidx.core.app.CoreComponentFactory"
49-->[androidx.core:core:1.10.1] AndroidManifest.xml:28:18-86
50        android:debuggable="true"
51        android:icon="@mipmap/ic_launcher"
51-->src\main\AndroidManifest.xml:11:9-43
52        android:label="Meal Mate"
52-->src\main\AndroidManifest.xml:12:9-34
53        android:roundIcon="@mipmap/ic_launcher_round"
53-->src\main\AndroidManifest.xml:13:9-54
54        android:usesCleartextTraffic="true" >
54-->src\main\AndroidManifest.xml:14:9-44
55        <activity
55-->src\main\AndroidManifest.xml:15:9-43:20
56            android:name="com.mealmate.app.MainActivity"
56-->src\main\AndroidManifest.xml:16:13-41
57            android:configChanges="orientation|keyboardHidden|keyboard|screenSize|smallestScreenSize|locale|layoutDirection|fontScale|screenLayout|density|uiMode"
57-->src\main\AndroidManifest.xml:17:13-163
58            android:exported="true"
58-->src\main\AndroidManifest.xml:18:13-36
59            android:hardwareAccelerated="true"
59-->src\main\AndroidManifest.xml:19:13-47
60            android:launchMode="singleTop"
60-->src\main\AndroidManifest.xml:20:13-43
61            android:theme="@style/LaunchTheme"
61-->src\main\AndroidManifest.xml:21:13-47
62            android:windowSoftInputMode="adjustResize" >
62-->src\main\AndroidManifest.xml:22:13-55
63
64            <!--
65                 Specifies an Android theme to apply to this Activity as soon as
66                       the Android process has started. This theme is visible to the user
67                       while the Flutter UI initializes. After that, this theme continues
68                       to determine the Window background behind the Flutter UI.
69            -->
70            <meta-data
70-->src\main\AndroidManifest.xml:27:13-29:57
71                android:name="io.flutter.embedding.android.NormalTheme"
71-->src\main\AndroidManifest.xml:28:17-72
72                android:resource="@style/NormalTheme" />
72-->src\main\AndroidManifest.xml:29:17-54
73
74            <!--
75                 Displays an Android View that continues showing the launch screen
76                       Drawable until Flutter paints its first frame, then this splash
77                       screen fades out. A splash screen is useful to avoid any visual
78                       gap between the end of Android's launch screen and the painting of
79                       Flutter's first frame.
80            -->
81            <meta-data
81-->src\main\AndroidManifest.xml:36:13-38:66
82                android:name="io.flutter.embedding.android.SplashScreenDrawable"
82-->src\main\AndroidManifest.xml:37:17-81
83                android:resource="@drawable/launch_background" />
83-->src\main\AndroidManifest.xml:38:17-63
84
85            <intent-filter>
85-->src\main\AndroidManifest.xml:39:13-42:29
86                <action android:name="android.intent.action.MAIN" />
86-->src\main\AndroidManifest.xml:40:17-69
86-->src\main\AndroidManifest.xml:40:25-66
87
88                <category android:name="android.intent.category.LAUNCHER" />
88-->src\main\AndroidManifest.xml:41:17-77
88-->src\main\AndroidManifest.xml:41:27-74
89            </intent-filter>
90        </activity>
91
92        <!-- Provide required visibility configuration for API level 30 and above -->
93        <!--
94             Don't delete the meta-data below.
95                 This is used by the Flutter tool to generate GeneratedPluginRegistrant.java
96        -->
97        <meta-data
97-->src\main\AndroidManifest.xml:48:9-50:33
98            android:name="flutterEmbedding"
98-->src\main\AndroidManifest.xml:49:13-44
99            android:value="2" />
99-->src\main\AndroidManifest.xml:50:13-30
100
101        <activity
101-->[:url_launcher_android] AndroidManifest.xml:10:9-13:74
102            android:name="io.flutter.plugins.urllauncher.WebViewActivity"
102-->[:url_launcher_android] AndroidManifest.xml:11:13-74
103            android:exported="false"
103-->[:url_launcher_android] AndroidManifest.xml:12:13-37
104            android:theme="@android:style/Theme.NoTitleBar.Fullscreen" />
104-->[:url_launcher_android] AndroidManifest.xml:13:13-71
105
106        <uses-library
106-->[androidx.window:window:1.0.0-beta04] AndroidManifest.xml:25:9-27:40
107            android:name="androidx.window.extensions"
107-->[androidx.window:window:1.0.0-beta04] AndroidManifest.xml:26:13-54
108            android:required="false" />
108-->[androidx.window:window:1.0.0-beta04] AndroidManifest.xml:27:13-37
109        <uses-library
109-->[androidx.window:window:1.0.0-beta04] AndroidManifest.xml:28:9-30:40
110            android:name="androidx.window.sidecar"
110-->[androidx.window:window:1.0.0-beta04] AndroidManifest.xml:29:13-51
111            android:required="false" />
111-->[androidx.window:window:1.0.0-beta04] AndroidManifest.xml:30:13-37
112
113        <activity
113-->[com.google.android.gms:play-services-auth:20.7.0] AndroidManifest.xml:23:9-27:75
114            android:name="com.google.android.gms.auth.api.signin.internal.SignInHubActivity"
114-->[com.google.android.gms:play-services-auth:20.7.0] AndroidManifest.xml:24:13-93
115            android:excludeFromRecents="true"
115-->[com.google.android.gms:play-services-auth:20.7.0] AndroidManifest.xml:25:13-46
116            android:exported="false"
116-->[com.google.android.gms:play-services-auth:20.7.0] AndroidManifest.xml:26:13-37
117            android:theme="@android:style/Theme.Translucent.NoTitleBar" />
117-->[com.google.android.gms:play-services-auth:20.7.0] AndroidManifest.xml:27:13-72
118        <!--
119            Service handling Google Sign-In user revocation. For apps that do not integrate with
120            Google Sign-In, this service will never be started.
121        -->
122        <service
122-->[com.google.android.gms:play-services-auth:20.7.0] AndroidManifest.xml:33:9-37:51
123            android:name="com.google.android.gms.auth.api.signin.RevocationBoundService"
123-->[com.google.android.gms:play-services-auth:20.7.0] AndroidManifest.xml:34:13-89
124            android:exported="true"
124-->[com.google.android.gms:play-services-auth:20.7.0] AndroidManifest.xml:35:13-36
125            android:permission="com.google.android.gms.auth.api.signin.permission.REVOCATION_NOTIFICATION"
125-->[com.google.android.gms:play-services-auth:20.7.0] AndroidManifest.xml:36:13-107
126            android:visibleToInstantApps="true" />
126-->[com.google.android.gms:play-services-auth:20.7.0] AndroidManifest.xml:37:13-48
127
128        <activity
128-->[com.google.android.gms:play-services-base:18.0.1] AndroidManifest.xml:20:9-22:45
129            android:name="com.google.android.gms.common.api.GoogleApiActivity"
129-->[com.google.android.gms:play-services-base:18.0.1] AndroidManifest.xml:20:19-85
130            android:exported="false"
130-->[com.google.android.gms:play-services-base:18.0.1] AndroidManifest.xml:22:19-43
131            android:theme="@android:style/Theme.Translucent.NoTitleBar" />
131-->[com.google.android.gms:play-services-base:18.0.1] AndroidManifest.xml:21:19-78
132
133        <meta-data
133-->[com.google.android.gms:play-services-basement:18.2.0] AndroidManifest.xml:21:9-23:69
134            android:name="com.google.android.gms.version"
134-->[com.google.android.gms:play-services-basement:18.2.0] AndroidManifest.xml:22:13-58
135            android:value="@integer/google_play_services_version" />
135-->[com.google.android.gms:play-services-basement:18.2.0] AndroidManifest.xml:23:13-66
136    </application>
137
138</manifest>